Detecting compiler hash for triplet x64-windows...
Compiler found: C:/Program Files/Microsoft Visual Studio/18/Community/VC/Tools/MSVC/14.50.35717/bin/Hostx64/x64/cl.exe
The following packages are already installed:
    glfw3:x64-windows@3.4#1
    glm:x64-windows@1.0.3
    libdatachannel[core,ws]:x64-windows@0.24.1
  * libjuice:x64-windows@1.7.0
    nlohmann-json:x64-windows@3.12.0#2
  * openssl:x64-windows@3.6.1
  * plog:x64-windows@1.1.11
  * usrsctp:x64-windows@0.9.5.0#4
  * vcpkg-cmake:x64-windows@2024-04-23
  * vcpkg-cmake-config:x64-windows@2024-05-23
  * vcpkg-cmake-get-vars:x64-windows@2025-05-29
glfw3 provides CMake targets:

  # this is heuristically generated, and may not be correct
  find_package(glfw3 CONFIG REQUIRED)
  target_link_libraries(main PRIVATE glfw)

glfw3 provides pkg-config modules:

  # A multi-platform library for OpenGL, window and input
  glfw3

The package glm provides CMake targets:

    find_package(glm CONFIG REQUIRED)
    target_link_libraries(main PRIVATE glm::glm)

    # Or use the header-only version
    find_package(glm CONFIG REQUIRED)
    target_link_libraries(main PRIVATE glm::glm-header-only)

The package nlohmann-json provides CMake targets:

    find_package(nlohmann_json CONFIG REQUIRED)
    target_link_libraries(main PRIVATE nlohmann_json::nlohmann_json)

The package nlohmann-json can be configured to not provide implicit conversions via a custom triplet file:

    set(nlohmann-json_IMPLICIT_CONVERSIONS OFF)

For more information, see the docs here:
    
    https://json.nlohmann.me/api/macros/json_use_implicit_conversions/

libdatachannel provides CMake targets:

  # this is heuristically generated, and may not be correct
  find_package(LibDataChannel CONFIG REQUIRED)
  target_link_libraries(main PRIVATE LibDataChannel::LibDataChannel)

All requested installations completed successfully in: 592 us
